<?xml version="1.0" encoding="UTF-8"?>
<!-- Generated by org.testng.reporters.JUnitReportReporter -->
<testsuite hostname="LAPTOP-36O6IBO3" failures="0" tests="1" name="Edit.Demo.Practice" time="5.289" errors="0" timestamp="2022-06-26T16:24:31 UYT" skipped="0">
  <testcase classname="Edit.Demo.Practice" name="BuscarPalabras" time="5.289"/>
  <system-out/>
</testsuite> <!-- Edit.Demo.Practice -->
