<?xml version="1.0" encoding="UTF-8"?>
<!-- Generated by org.testng.reporters.JUnitReportReporter -->
<testsuite hostname="LAPTOP-36O6IBO3" failures="0" tests="1" name="pruebas.Practice5" time="4.281" errors="0" timestamp="2022-07-02T13:14:52 UYT" skipped="0">
  <testcase classname="pruebas.Practice5" name="Ingreso" time="4.281"/>
  <system-out/>
</testsuite> <!-- pruebas.Practice5 -->
