<?xml version="1.0" encoding="UTF-8"?>
<!-- Generated by org.testng.reporters.JUnitReportReporter -->
<testsuite hostname="LAPTOP-36O6IBO3" failures="0" tests="1" name="Edit.Demo.SauceDemo" time="0.638" errors="0" timestamp="2022-06-26T15:43:04 UYT" skipped="0">
  <testcase classname="Edit.Demo.SauceDemo" name="login" time="0.638"/>
  <system-out/>
</testsuite> <!-- Edit.Demo.SauceDemo -->
